<?xml version="1.0" encoding="UTF-8"?>
<testsuite xmlns:xsi="http://www.w3.org/2001/XMLSchema-instance" xsi:noNamespaceSchemaLocation="https://maven.apache.org/surefire/maven-surefire-plugin/xsd/surefire-test-report.xsd" version="3.0.2" name="com.example.orderservice.ApplicationSpec" time="0.479" tests="1" errors="0" skipped="0" failures="0">
  <properties>
[...]
</properties>
  <testcase name="application context should load successfully" classname="com.example.orderservice.ApplicationSpec" time="0.004">
    <system-out><![CDATA[
  .   ____          _            __ _ _
 /\\ / ___'_ __ _ _(_)_ __  __ _ \ \ \ \
( ( )\___ | '_ | '_| | '_ \/ _` | \ \ \ \
 \\/  ___)| |_)| | | | | || (_| |  ) ) ) )
  '  |____| .__|_| |_|_| |_\__, | / / / /
 =========|_|==============|___/=/_/_/_/

 :: Spring Boot ::                (v3.4.3)

2025-03-01T01:41:36.036-06:00  INFO 75751 --- [order-service] [           main] c.example.orderservice.ApplicationSpec   : Starting ApplicationSpec using Java 17.0.14 with PID 75751 (started by sainiteeshsala in /Users/sainiteeshsala/Documents/new/order-management/order-service)
2025-03-01T01:41:36.036-06:00  INFO 75751 --- [order-service] [           main] c.example.orderservice.ApplicationSpec   : No active profile set, falling back to 1 default profile: "default"
2025-03-01T01:41:36.130-06:00  INFO 75751 --- [order-service] [           main] .s.d.r.c.RepositoryConfigurationDelegate : Bootstrapping Spring Data JPA repositories in DEFAULT mode.
2025-03-01T01:41:36.134-06:00  INFO 75751 --- [order-service] [           main] .s.d.r.c.RepositoryConfigurationDelegate : Finished Spring Data repository scanning in 3 ms. Found 2 JPA repository interfaces.
2025-03-01T01:41:36.174-06:00  INFO 75751 --- [order-service] [           main] com.zaxxer.hikari.HikariDataSource       : HikariPool-3 - Starting...
2025-03-01T01:41:36.175-06:00  INFO 75751 --- [order-service] [           main] com.zaxxer.hikari.pool.HikariPool        : HikariPool-3 - Added connection conn26: url=jdbc:h2:mem:order_db user=ROOT
2025-03-01T01:41:36.175-06:00  INFO 75751 --- [order-service] [           main] com.zaxxer.hikari.HikariDataSource       : HikariPool-3 - Start completed.
2025-03-01T01:41:36.184-06:00  INFO 75751 --- [order-service] [           main] o.hibernate.jpa.internal.util.LogHelper  : HHH000204: Processing PersistenceUnitInfo [name: default]
2025-03-01T01:41:36.185-06:00  INFO 75751 --- [order-service] [           main] o.h.c.internal.RegionFactoryInitiator    : HHH000026: Second-level cache disabled
2025-03-01T01:41:36.189-06:00  INFO 75751 --- [order-service] [           main] o.s.o.j.p.SpringPersistenceUnitInfo      : No LoadTimeWeaver setup: ignoring JPA class transformer
2025-03-01T01:41:36.189-06:00  WARN 75751 --- [order-service] [           main] org.hibernate.orm.deprecation            : HHH90000025: H2Dialect does not need to be specified explicitly using 'hibernate.dialect' (remove the property setting and it will be selected by default)
2025-03-01T01:41:36.189-06:00  INFO 75751 --- [order-service] [           main] org.hibernate.orm.connections.pooling    : HHH10001005: Database info:
	Database JDBC URL [Connecting through datasource 'HikariDataSource (HikariPool-3)']
	Database driver: undefined/unknown
	Database version: 2.3.232
	Autocommit mode: undefined/unknown
	Isolation level: undefined/unknown
	Minimum pool size: undefined/unknown
	Maximum pool size: undefined/unknown
2025-03-01T01:41:36.207-06:00  INFO 75751 --- [order-service] [           main] o.h.e.t.j.p.i.JtaPlatformInitiator       : HHH000489: No JTA platform available (set 'hibernate.transaction.jta.platform' to enable JTA platform integration)
2025-03-01T01:41:36.208-06:00  INFO 75751 --- [order-service] [           main] j.LocalContainerEntityManagerFactoryBean : Initialized JPA EntityManagerFactory for persistence unit 'default'
2025-03-01T01:41:36.303-06:00  WARN 75751 --- [order-service] [           main] JpaBaseConfiguration$JpaWebConfiguration : spring.jpa.open-in-view is enabled by default. Therefore, database queries may be performed during view rendering. Explicitly configure spring.jpa.open-in-view to disable this warning
2025-03-01T01:41:36.460-06:00  INFO 75751 --- [order-service] [           main] o.s.b.a.h2.H2ConsoleAutoConfiguration    : H2 console available at '/h2-console'. Database available at 'jdbc:h2:mem:order_db'
2025-03-01T01:41:36.485-06:00  INFO 75751 --- [order-service] [           main] o.s.b.a.e.web.EndpointLinksResolver      : Exposing 14 endpoints beneath base path '/actuator'
2025-03-01T01:41:36.501-06:00  INFO 75751 --- [order-service] [           main] c.example.orderservice.ApplicationSpec   : Started ApplicationSpec in 0.473 seconds (process running for 5.128)
]]></system-out>
  </testcase>
</testsuite>